2025-09-04 10:03:05,243 - INFO - Starting edge device setup for windows
2025-09-04 10:03:05,243 - INFO - Running: Python Version Check
2025-09-04 10:03:05,252 - INFO - Running: Python Dependencies
2025-09-04 10:03:05,252 - INFO - Running command: C:\Users\Admin\miniconda3\python.exe -m pip install --upgrade pip
2025-09-04 10:03:08,361 - INFO - Running command: C:\Users\Admin\miniconda3\python.exe -m pip install torch torchvision opencv-python ultralytics numpy scipy pillow requests fastapi uvicorn websockets djitellopy av folium geopy geographiclib
2025-09-04 10:03:10,810 - INFO - Running: CUDA/TensorRT Setup
2025-09-04 10:03:10,812 - INFO - Running: DJI SDK Setup
2025-09-04 10:03:10,816 - INFO - Running: Offline Maps Preparation
2025-09-04 10:03:13,122 - INFO - Running: Model Download
2025-09-04 10:03:21,491 - INFO - Running: Systemd Service
2025-09-04 10:03:57,790 - INFO - Starting edge device setup for windows
2025-09-04 10:03:57,790 - INFO - Running: Python Version Check
2025-09-04 10:03:57,790 - INFO - [OK] Python Version Check: Python 3.13.5 is compatible
2025-09-04 10:03:57,790 - INFO - Running: Python Dependencies
2025-09-04 10:03:57,790 - INFO - Running command: C:\Users\Admin\miniconda3\python.exe -m pip install --upgrade pip
2025-09-04 10:04:00,369 - INFO - Running command: C:\Users\Admin\miniconda3\python.exe -m pip install torch torchvision opencv-python ultralytics numpy scipy pillow requests fastapi uvicorn websockets djitellopy av folium geopy geographiclib
2025-09-04 10:04:02,747 - INFO - [OK] Python Dependencies: Successfully installed 16 packages
2025-09-04 10:04:02,749 - INFO - Running: CUDA/TensorRT Setup
2025-09-04 10:04:02,749 - INFO - [OK] CUDA/TensorRT Setup: CUDA/TensorRT setup skipped (not a Jetson device)
2025-09-04 10:04:02,749 - INFO - Running: DJI SDK Setup
2025-09-04 10:04:02,752 - INFO - [OK] DJI SDK Setup: DJI SDK integration configured (djitellopy for Tello)
2025-09-04 10:04:02,752 - INFO - Running: Offline Maps Preparation
2025-09-04 10:04:05,592 - INFO - [OK] Offline Maps Preparation: Offline maps configured successfully
2025-09-04 10:04:05,593 - INFO - Running: Model Download
2025-09-04 10:04:05,594 - INFO - [OK] Model Download: Model download complete
2025-09-04 10:04:05,594 - INFO - Running: Systemd Service
2025-09-04 10:04:05,594 - INFO - [OK] Systemd Service: Systemd service skipped (Windows system)
